<?xml version="1.0" encoding="UTF-8"?>
<testng-results ignored="0" total="4" passed="3" failed="1" skipped="0">
  <reporter-output>
  </reporter-output>
  <suite started-at="2023-10-01T13:09:27 EDT" name="Default suite" finished-at="2023-10-01T13:09:27 EDT" duration-ms="88">
    <groups>
    </groups>
    <test started-at="2023-10-01T13:09:27 EDT" name="Default test" finished-at="2023-10-01T13:09:27 EDT" duration-ms="88">
      <class name="com.SmokeTest">
        <test-method is-config="true" signature="beforeSuite()[pri:0, instance:com.SmokeTest@15bb5034]" started-at="2023-10-01T13:09:27 EDT" name="beforeSuite" finished-at="2023-10-01T13:09:27 EDT" duration-ms="18" status="PASS">
          <reporter-output>
          </reporter-output>
        </test-method> <!-- beforeSuite -->
        <test-method is-config="true" signature="beforeTest()[pri:0, instance:com.SmokeTest@15bb5034]" started-at="2023-10-01T13:09:27 EDT" name="beforeTest" finished-at="2023-10-01T13:09:27 EDT" duration-ms="1" status="PASS">
          <reporter-output>
          </reporter-output>
        </test-method> <!-- beforeTest -->
        <test-method is-config="true" signature="beforeClass()[pri:0, instance:com.SmokeTest@15bb5034]" started-at="2023-10-01T13:09:27 EDT" name="beforeClass" finished-at="2023-10-01T13:09:27 EDT" duration-ms="1" status="PASS">
          <reporter-output>
          </reporter-output>
        </test-method> <!-- beforeClass -->
        <test-method is-config="true" signature="beforeMethod()[pri:0, instance:com.SmokeTest@15bb5034]" started-at="2023-10-01T13:09:27 EDT" name="beforeMethod" finished-at="2023-10-01T13:09:27 EDT" duration-ms="0" status="PASS">
          <reporter-output>
          </reporter-output>
        </test-method> <!-- beforeMethod -->
        <test-method signature="test1()[pri:0, instance:com.SmokeTest@15bb5034]" started-at="2023-10-01T13:09:27 EDT" name="test1" finished-at="2023-10-01T13:09:27 EDT" duration-ms="9" status="PASS">
          <reporter-output>
          </reporter-output>
        </test-method> <!-- test1 -->
        <test-method is-config="true" signature="afterMethod()[pri:0, instance:com.SmokeTest@15bb5034]" started-at="2023-10-01T13:09:27 EDT" name="afterMethod" finished-at="2023-10-01T13:09:27 EDT" duration-ms="0" status="PASS">
          <reporter-output>
          </reporter-output>
        </test-method> <!-- afterMethod -->
        <test-method is-config="true" signature="afterClass()[pri:0, instance:com.SmokeTest@15bb5034]" started-at="2023-10-01T13:09:27 EDT" name="afterClass" finished-at="2023-10-01T13:09:27 EDT" duration-ms="1" status="PASS">
          <reporter-output>
          </reporter-output>
        </test-method> <!-- afterClass -->
        <test-method is-config="true" signature="afterTest()[pri:0, instance:com.SmokeTest@15bb5034]" started-at="2023-10-01T13:09:27 EDT" name="afterTest" finished-at="2023-10-01T13:09:27 EDT" duration-ms="0" status="PASS">
          <reporter-output>
          </reporter-output>
        </test-method> <!-- afterTest -->
        <test-method is-config="true" signature="afterSuite()[pri:0, instance:com.SmokeTest@15bb5034]" started-at="2023-10-01T13:09:27 EDT" name="afterSuite" finished-at="2023-10-01T13:09:27 EDT" duration-ms="0" status="PASS">
          <reporter-output>
          </reporter-output>
        </test-method> <!-- afterSuite -->
      </class> <!-- com.SmokeTest -->
      <class name="com.UnitTest">
        <test-method is-config="true" signature="beforeClass()[pri:0, instance:com.UnitTest@74ea2410]" started-at="2023-10-01T13:09:27 EDT" name="beforeClass" finished-at="2023-10-01T13:09:27 EDT" duration-ms="0" status="PASS">
          <reporter-output>
          </reporter-output>
        </test-method> <!-- beforeClass -->
        <test-method is-config="true" signature="beforeMethod()[pri:0, instance:com.UnitTest@74ea2410]" started-at="2023-10-01T13:09:27 EDT" name="beforeMethod" finished-at="2023-10-01T13:09:27 EDT" duration-ms="1" status="PASS">
          <reporter-output>
          </reporter-output>
        </test-method> <!-- beforeMethod -->
        <test-method signature="test2()[pri:0, instance:com.UnitTest@74ea2410]" started-at="2023-10-01T13:09:27 EDT" name="test2" finished-at="2023-10-01T13:09:27 EDT" duration-ms="1" status="PASS">
          <reporter-output>
          </reporter-output>
        </test-method> <!-- test2 -->
        <test-method is-config="true" signature="afterMethod()[pri:0, instance:com.UnitTest@74ea2410]" started-at="2023-10-01T13:09:27 EDT" name="afterMethod" finished-at="2023-10-01T13:09:27 EDT" duration-ms="1" status="PASS">
          <reporter-output>
          </reporter-output>
        </test-method> <!-- afterMethod -->
        <test-method is-config="true" signature="beforeMethod()[pri:0, instance:com.UnitTest@74ea2410]" started-at="2023-10-01T13:09:27 EDT" name="beforeMethod" finished-at="2023-10-01T13:09:27 EDT" duration-ms="1" status="PASS">
          <reporter-output>
          </reporter-output>
        </test-method> <!-- beforeMethod -->
        <test-method signature="test3()[pri:0, instance:com.UnitTest@74ea2410]" started-at="2023-10-01T13:09:27 EDT" name="test3" finished-at="2023-10-01T13:09:27 EDT" duration-ms="1" status="PASS">
          <reporter-output>
          </reporter-output>
        </test-method> <!-- test3 -->
        <test-method is-config="true" signature="afterMethod()[pri:0, instance:com.UnitTest@74ea2410]" started-at="2023-10-01T13:09:27 EDT" name="afterMethod" finished-at="2023-10-01T13:09:27 EDT" duration-ms="0" status="PASS">
          <reporter-output>
          </reporter-output>
        </test-method> <!-- afterMethod -->
        <test-method is-config="true" signature="afterClass()[pri:0, instance:com.UnitTest@74ea2410]" started-at="2023-10-01T13:09:27 EDT" name="afterClass" finished-at="2023-10-01T13:09:27 EDT" duration-ms="0" status="PASS">
          <reporter-output>
          </reporter-output>
        </test-method> <!-- afterClass -->
      </class> <!-- com.UnitTest -->
      <class name="com.DataDrivenTest">
        <test-method signature="f(java.lang.Integer,java.lang.String)[pri:0, instance:com.DataDrivenTest@17f62e33]" started-at="2023-10-01T13:09:27 EDT" name="f" finished-at="2023-10-01T13:09:27 EDT" duration-ms="0" status="FAIL">
          <exception class="org.testng.TestNGException">
            <message>
              <![CDATA[
Method public void com.DataDrivenTest.f(java.lang.Integer,java.lang.String) requires a @DataProvider named : dp]]>
            </message>
            <full-stacktrace>
              <![CDATA[org.testng.TestNGException: 
Method public void com.DataDrivenTest.f(java.lang.Integer,java.lang.String) requires a @DataProvider named : dp
at org.testng.internal.Parameters.findDataProvider(Parameters.java:526)
at org.testng.internal.Parameters.handleParameters(Parameters.java:763)
at org.testng.internal.Parameters.handleParameters(Parameters.java:728)
at org.testng.internal.invokers.ParameterHandler.handleParameters(ParameterHandler.java:72)
at org.testng.internal.invokers.ParameterHandler.createParameters(ParameterHandler.java:51)
at org.testng.internal.invokers.TestInvoker$MethodInvocationAgent.invoke(TestInvoker.java:911)
at org.testng.internal.invokers.TestInvoker.invokeTestMethods(TestInvoker.java:200)
at org.testng.internal.invokers.TestMethodWorker.invokeTestMethods(TestMethodWorker.java:148)
at org.testng.internal.invokers.TestMethodWorker.run(TestMethodWorker.java:128)
at java.base/java.util.ArrayList.forEach(ArrayList.java:1511)
at org.testng.TestRunner.privateRun(TestRunner.java:848)
at org.testng.TestRunner.run(TestRunner.java:621)
at org.testng.SuiteRunner.runTest(SuiteRunner.java:443)
at org.testng.SuiteRunner.runSequentially(SuiteRunner.java:437)
at org.testng.SuiteRunner.privateRun(SuiteRunner.java:397)
at org.testng.SuiteRunner.run(SuiteRunner.java:336)
at org.testng.SuiteRunnerWorker.runSuite(SuiteRunnerWorker.java:52)
at org.testng.SuiteRunnerWorker.run(SuiteRunnerWorker.java:95)
at org.testng.TestNG.runSuitesSequentially(TestNG.java:1280)
at org.testng.TestNG.runSuitesLocally(TestNG.java:1200)
at org.testng.TestNG.runSuites(TestNG.java:1114)
at org.testng.TestNG.run(TestNG.java:1082)
at org.testng.remote.AbstractRemoteTestNG.run(AbstractRemoteTestNG.java:115)
at org.testng.remote.RemoteTestNG.initAndRun(RemoteTestNG.java:251)
at org.testng.remote.RemoteTestNG.main(RemoteTestNG.java:77)
]]>
            </full-stacktrace>
          </exception> <!-- org.testng.TestNGException -->
          <reporter-output>
          </reporter-output>
        </test-method> <!-- f -->
      </class> <!-- com.DataDrivenTest -->
    </test> <!-- Default test -->
  </suite> <!-- Default suite -->
</testng-results>
